[0.200s] DEBUG:colcon:Command line arguments: ['/usr/bin/colcon', 'build', '--packages-select', 'navigation_components']
[0.200s] DEBUG:colcon:Parsed command line arguments: Namespace(log_base=None, log_level=None, verb_name='build', build_base='build', install_base='install', merge_install=False, symlink_install=False, test_result_base=None, continue_on_error=False, executor='parallel', parallel_workers=12, event_handlers=None, ignore_user_meta=False, metas=['./colcon.meta'], base_paths=['.'], packages_ignore=None, packages_ignore_regex=None, paths=None, packages_up_to=None, packages_up_to_regex=None, packages_above=None, packages_above_and_dependencies=None, packages_above_depth=None, packages_select_by_dep=None, packages_skip_by_dep=None, packages_skip_up_to=None, packages_select_build_failed=False, packages_skip_build_finished=False, packages_select_test_failures=False, packages_skip_test_passed=False, packages_select=['navigation_components'], packages_skip=None, packages_select_regex=None, packages_skip_regex=None, packages_start=None, packages_end=None, cmake_args=None, cmake_target=None, cmake_target_skip_unavailable=False, cmake_clean_cache=False, cmake_clean_first=False, cmake_force_configure=False, ament_cmake_args=None, catkin_cmake_args=None, catkin_skip_building_tests=False, mixin_files=None, mixin=None, verb_parser=<colcon_mixin.mixin.mixin_argument.MixinArgumentDecorator object at 0x7948ed625e80>, verb_extension=<colcon_core.verb.build.BuildVerb object at 0x7948ed625bb0>, main=<bound method BuildVerb.main of <colcon_core.verb.build.BuildVerb object at 0x7948ed625bb0>>, mixin_verb=('build',))
[0.247s] Level 1:colcon.colcon_core.package_discovery:discover_packages(colcon_meta) check parameters
[0.248s] INFO:colcon.colcon_metadata.package_discovery.colcon_meta:Using configuration from '/root/.colcon/metadata/default/Gazebo.meta'
[0.249s] INFO:colcon.colcon_metadata.package_discovery.colcon_meta:Using configuration from '/root/.colcon/metadata/default/fastdds.meta'
[0.249s] INFO:colcon.colcon_metadata.package_discovery.colcon_meta:Using configuration from '/root/.colcon/metadata/default/fastrtps.meta'
[0.249s] Level 1:colcon.colcon_core.package_discovery:discover_packages(recursive) check parameters
[0.249s] Level 1:colcon.colcon_core.package_discovery:discover_packages(ignore) check parameters
[0.249s] Level 1:colcon.colcon_core.package_discovery:discover_packages(path) check parameters
[0.249s] Level 1:colcon.colcon_core.package_discovery:discover_packages(colcon_meta) discover
[0.249s] Level 1:colcon.colcon_core.package_discovery:discover_packages(recursive) discover
[0.249s] INFO:colcon.colcon_core.package_discovery:Crawling recursively for packages in '/home/ubuntu/ros_ws/src/assignment1_rt2/navigation_components'
[0.249s] Level 1:colcon.colcon_core.package_identification:_identify(.) by extensions ['ignore', 'ignore_ament_install']
[0.250s] Level 1:colcon.colcon_core.package_identification:_identify(.) by extension 'ignore'
[0.250s] Level 1:colcon.colcon_core.package_identification:_identify(.) by extension 'ignore_ament_install'
[0.250s] Level 1:colcon.colcon_core.package_identification:_identify(.) by extensions ['colcon_pkg']
[0.250s] Level 1:colcon.colcon_core.package_identification:_identify(.) by extension 'colcon_pkg'
[0.250s] Level 1:colcon.colcon_core.package_identification:_identify(.) by extensions ['colcon_meta']
[0.250s] Level 1:colcon.colcon_core.package_identification:_identify(.) by extension 'colcon_meta'
[0.250s] Level 1:colcon.colcon_core.package_identification:_identify(.) by extensions ['ros']
[0.250s] Level 1:colcon.colcon_core.package_identification:_identify(.) by extension 'ros'
[0.283s] DEBUG:colcon.colcon_core.package_identification:Package '.' with type 'ros.ament_cmake' and name 'navigation_components'
[0.283s] Level 1:colcon.colcon_core.package_discovery:discover_packages(recursive) using defaults
[0.284s] Level 1:colcon.colcon_core.package_discovery:discover_packages(ignore) discover
[0.284s] Level 1:colcon.colcon_core.package_discovery:discover_packages(ignore) using defaults
[0.284s] Level 1:colcon.colcon_core.package_discovery:discover_packages(path) discover
[0.284s] Level 1:colcon.colcon_core.package_discovery:discover_packages(path) using defaults
[0.304s] Level 5:colcon.colcon_core.verb:set package 'navigation_components' build argument 'cmake_args' from command line to 'None'
[0.304s] Level 5:colcon.colcon_core.verb:set package 'navigation_components' build argument 'cmake_target' from command line to 'None'
[0.304s] Level 5:colcon.colcon_core.verb:set package 'navigation_components' build argument 'cmake_target_skip_unavailable' from command line to 'False'
[0.305s] Level 5:colcon.colcon_core.verb:set package 'navigation_components' build argument 'cmake_clean_cache' from command line to 'False'
[0.305s] Level 5:colcon.colcon_core.verb:set package 'navigation_components' build argument 'cmake_clean_first' from command line to 'False'
[0.305s] Level 5:colcon.colcon_core.verb:set package 'navigation_components' build argument 'cmake_force_configure' from command line to 'False'
[0.305s] Level 5:colcon.colcon_core.verb:set package 'navigation_components' build argument 'ament_cmake_args' from command line to 'None'
[0.305s] Level 5:colcon.colcon_core.verb:set package 'navigation_components' build argument 'catkin_cmake_args' from command line to 'None'
[0.305s] Level 5:colcon.colcon_core.verb:set package 'navigation_components' build argument 'catkin_skip_building_tests' from command line to 'False'
[0.305s] DEBUG:colcon.colcon_core.verb:Building package 'navigation_components' with the following arguments: {'ament_cmake_args': None, 'build_base': '/home/ubuntu/ros_ws/src/assignment1_rt2/navigation_components/build/navigation_components', 'catkin_cmake_args': None, 'catkin_skip_building_tests': False, 'cmake_args': None, 'cmake_clean_cache': False, 'cmake_clean_first': False, 'cmake_force_configure': False, 'cmake_target': None, 'cmake_target_skip_unavailable': False, 'install_base': '/home/ubuntu/ros_ws/src/assignment1_rt2/navigation_components/install/navigation_components', 'merge_install': False, 'path': '/home/ubuntu/ros_ws/src/assignment1_rt2/navigation_components', 'symlink_install': False, 'test_result_base': None}
[0.305s] INFO:colcon.colcon_core.executor:Executing jobs using 'parallel' executor
[0.306s] DEBUG:colcon.colcon_parallel_executor.executor.parallel:run_until_complete
[0.307s] INFO:colcon.colcon_ros.task.ament_cmake.build:Building ROS package in '/home/ubuntu/ros_ws/src/assignment1_rt2/navigation_components' with build type 'ament_cmake'
[0.307s] INFO:colcon.colcon_cmake.task.cmake.build:Building CMake package in '/home/ubuntu/ros_ws/src/assignment1_rt2/navigation_components'
[0.311s] INFO:colcon.colcon_core.plugin_system:Skipping extension 'colcon_core.shell.bat': Not used on non-Windows systems
[0.311s] INFO:colcon.colcon_core.shell:Skip shell extension 'powershell' for command environment: Not usable outside of PowerShell
[0.311s] DEBUG:colcon.colcon_core.shell:Skip shell extension 'dsv' for command environment
[0.330s] DEBUG:colcon.colcon_core.event_handler.log_command:Invoking command in '/home/ubuntu/ros_ws/src/assignment1_rt2/navigation_components/build/navigation_components': CMAKE_PREFIX_PATH=${CMAKE_PREFIX_PATH}:/opt/ros/jazzy DEBUGINFOD_URLS=https://debuginfod.ubuntu.com /usr/bin/cmake /home/ubuntu/ros_ws/src/assignment1_rt2/navigation_components -DCMAKE_INSTALL_PREFIX=/home/ubuntu/ros_ws/src/assignment1_rt2/navigation_components/install/navigation_components
[5.986s] DEBUG:colcon.colcon_core.event_handler.log_command:Invoked command in '/home/ubuntu/ros_ws/src/assignment1_rt2/navigation_components/build/navigation_components' returned '0': CMAKE_PREFIX_PATH=${CMAKE_PREFIX_PATH}:/opt/ros/jazzy DEBUGINFOD_URLS=https://debuginfod.ubuntu.com /usr/bin/cmake /home/ubuntu/ros_ws/src/assignment1_rt2/navigation_components -DCMAKE_INSTALL_PREFIX=/home/ubuntu/ros_ws/src/assignment1_rt2/navigation_components/install/navigation_components
[5.989s] DEBUG:colcon.colcon_core.event_handler.log_command:Invoking command in '/home/ubuntu/ros_ws/src/assignment1_rt2/navigation_components/build/navigation_components': CMAKE_PREFIX_PATH=${CMAKE_PREFIX_PATH}:/opt/ros/jazzy DEBUGINFOD_URLS=https://debuginfod.ubuntu.com /usr/bin/cmake --build /home/ubuntu/ros_ws/src/assignment1_rt2/navigation_components/build/navigation_components -- -j12 -l12
[19.135s] DEBUG:colcon.colcon_core.event_handler.log_command:Invoked command in '/home/ubuntu/ros_ws/src/assignment1_rt2/navigation_components/build/navigation_components' returned '0': CMAKE_PREFIX_PATH=${CMAKE_PREFIX_PATH}:/opt/ros/jazzy DEBUGINFOD_URLS=https://debuginfod.ubuntu.com /usr/bin/cmake --build /home/ubuntu/ros_ws/src/assignment1_rt2/navigation_components/build/navigation_components -- -j12 -l12
[19.150s] DEBUG:colcon.colcon_core.event_handler.log_command:Invoking command in '/home/ubuntu/ros_ws/src/assignment1_rt2/navigation_components/build/navigation_components': CMAKE_PREFIX_PATH=${CMAKE_PREFIX_PATH}:/opt/ros/jazzy DEBUGINFOD_URLS=https://debuginfod.ubuntu.com /usr/bin/cmake --install /home/ubuntu/ros_ws/src/assignment1_rt2/navigation_components/build/navigation_components
[19.314s] Level 1:colcon.colcon_core.environment:create_environment_scripts_only(navigation_components)
[19.315s] DEBUG:colcon.colcon_core.event_handler.log_command:Invoked command in '/home/ubuntu/ros_ws/src/assignment1_rt2/navigation_components/build/navigation_components' returned '0': CMAKE_PREFIX_PATH=${CMAKE_PREFIX_PATH}:/opt/ros/jazzy DEBUGINFOD_URLS=https://debuginfod.ubuntu.com /usr/bin/cmake --install /home/ubuntu/ros_ws/src/assignment1_rt2/navigation_components/build/navigation_components
[19.317s] Level 1:colcon.colcon_core.environment:checking '/home/ubuntu/ros_ws/src/assignment1_rt2/navigation_components/install/navigation_components' for CMake module files
[19.318s] Level 1:colcon.colcon_core.environment:checking '/home/ubuntu/ros_ws/src/assignment1_rt2/navigation_components/install/navigation_components' for CMake config files
[19.318s] Level 1:colcon.colcon_core.shell:create_environment_hook('navigation_components', 'cmake_prefix_path')
[19.318s] INFO:colcon.colcon_core.shell:Creating environment hook '/home/ubuntu/ros_ws/src/assignment1_rt2/navigation_components/install/navigation_components/share/navigation_components/hook/cmake_prefix_path.ps1'
[19.320s] INFO:colcon.colcon_core.shell:Creating environment descriptor '/home/ubuntu/ros_ws/src/assignment1_rt2/navigation_components/install/navigation_components/share/navigation_components/hook/cmake_prefix_path.dsv'
[19.320s] INFO:colcon.colcon_core.shell:Creating environment hook '/home/ubuntu/ros_ws/src/assignment1_rt2/navigation_components/install/navigation_components/share/navigation_components/hook/cmake_prefix_path.sh'
[19.321s] Level 1:colcon.colcon_core.environment:checking '/home/ubuntu/ros_ws/src/assignment1_rt2/navigation_components/install/navigation_components/lib'
[19.321s] Level 1:colcon.colcon_core.shell:create_environment_hook('navigation_components', 'ld_library_path_lib')
[19.321s] INFO:colcon.colcon_core.shell:Creating environment hook '/home/ubuntu/ros_ws/src/assignment1_rt2/navigation_components/install/navigation_components/share/navigation_components/hook/ld_library_path_lib.ps1'
[19.322s] INFO:colcon.colcon_core.shell:Creating environment descriptor '/home/ubuntu/ros_ws/src/assignment1_rt2/navigation_components/install/navigation_components/share/navigation_components/hook/ld_library_path_lib.dsv'
[19.322s] INFO:colcon.colcon_core.shell:Creating environment hook '/home/ubuntu/ros_ws/src/assignment1_rt2/navigation_components/install/navigation_components/share/navigation_components/hook/ld_library_path_lib.sh'
[19.323s] Level 1:colcon.colcon_core.environment:checking '/home/ubuntu/ros_ws/src/assignment1_rt2/navigation_components/install/navigation_components/bin'
[19.323s] Level 1:colcon.colcon_core.environment:checking '/home/ubuntu/ros_ws/src/assignment1_rt2/navigation_components/install/navigation_components/lib/pkgconfig/navigation_components.pc'
[19.325s] Level 1:colcon.colcon_core.environment:checking '/home/ubuntu/ros_ws/src/assignment1_rt2/navigation_components/install/navigation_components/lib/python3.12/site-packages'
[19.325s] Level 1:colcon.colcon_core.shell:create_environment_hook('navigation_components', 'pythonpath')
[19.325s] INFO:colcon.colcon_core.shell:Creating environment hook '/home/ubuntu/ros_ws/src/assignment1_rt2/navigation_components/install/navigation_components/share/navigation_components/hook/pythonpath.ps1'
[19.326s] INFO:colcon.colcon_core.shell:Creating environment descriptor '/home/ubuntu/ros_ws/src/assignment1_rt2/navigation_components/install/navigation_components/share/navigation_components/hook/pythonpath.dsv'
[19.326s] INFO:colcon.colcon_core.shell:Creating environment hook '/home/ubuntu/ros_ws/src/assignment1_rt2/navigation_components/install/navigation_components/share/navigation_components/hook/pythonpath.sh'
[19.327s] Level 1:colcon.colcon_core.environment:checking '/home/ubuntu/ros_ws/src/assignment1_rt2/navigation_components/install/navigation_components/bin'
[19.327s] INFO:colcon.colcon_core.shell:Creating package script '/home/ubuntu/ros_ws/src/assignment1_rt2/navigation_components/install/navigation_components/share/navigation_components/package.ps1'
[19.328s] INFO:colcon.colcon_core.shell:Creating package descriptor '/home/ubuntu/ros_ws/src/assignment1_rt2/navigation_components/install/navigation_components/share/navigation_components/package.dsv'
[19.329s] INFO:colcon.colcon_core.shell:Creating package script '/home/ubuntu/ros_ws/src/assignment1_rt2/navigation_components/install/navigation_components/share/navigation_components/package.sh'
[19.329s] INFO:colcon.colcon_core.shell:Creating package script '/home/ubuntu/ros_ws/src/assignment1_rt2/navigation_components/install/navigation_components/share/navigation_components/package.bash'
[19.330s] INFO:colcon.colcon_core.shell:Creating package script '/home/ubuntu/ros_ws/src/assignment1_rt2/navigation_components/install/navigation_components/share/navigation_components/package.zsh'
[19.331s] Level 1:colcon.colcon_core.environment:create_file_with_runtime_dependencies(/home/ubuntu/ros_ws/src/assignment1_rt2/navigation_components/install/navigation_components/share/colcon-core/packages/navigation_components)
[19.332s] Level 1:colcon.colcon_core.environment:create_environment_scripts_only(navigation_components)
[19.333s] Level 1:colcon.colcon_core.environment:checking '/home/ubuntu/ros_ws/src/assignment1_rt2/navigation_components/install/navigation_components' for CMake module files
[19.333s] Level 1:colcon.colcon_core.environment:checking '/home/ubuntu/ros_ws/src/assignment1_rt2/navigation_components/install/navigation_components' for CMake config files
[19.334s] Level 1:colcon.colcon_core.shell:create_environment_hook('navigation_components', 'cmake_prefix_path')
[19.334s] INFO:colcon.colcon_core.shell:Creating environment hook '/home/ubuntu/ros_ws/src/assignment1_rt2/navigation_components/install/navigation_components/share/navigation_components/hook/cmake_prefix_path.ps1'
[19.334s] INFO:colcon.colcon_core.shell:Creating environment descriptor '/home/ubuntu/ros_ws/src/assignment1_rt2/navigation_components/install/navigation_components/share/navigation_components/hook/cmake_prefix_path.dsv'
[19.335s] INFO:colcon.colcon_core.shell:Creating environment hook '/home/ubuntu/ros_ws/src/assignment1_rt2/navigation_components/install/navigation_components/share/navigation_components/hook/cmake_prefix_path.sh'
[19.336s] Level 1:colcon.colcon_core.environment:checking '/home/ubuntu/ros_ws/src/assignment1_rt2/navigation_components/install/navigation_components/lib'
[19.336s] Level 1:colcon.colcon_core.shell:create_environment_hook('navigation_components', 'ld_library_path_lib')
[19.336s] INFO:colcon.colcon_core.shell:Creating environment hook '/home/ubuntu/ros_ws/src/assignment1_rt2/navigation_components/install/navigation_components/share/navigation_components/hook/ld_library_path_lib.ps1'
[19.336s] INFO:colcon.colcon_core.shell:Creating environment descriptor '/home/ubuntu/ros_ws/src/assignment1_rt2/navigation_components/install/navigation_components/share/navigation_components/hook/ld_library_path_lib.dsv'
[19.337s] INFO:colcon.colcon_core.shell:Creating environment hook '/home/ubuntu/ros_ws/src/assignment1_rt2/navigation_components/install/navigation_components/share/navigation_components/hook/ld_library_path_lib.sh'
[19.337s] Level 1:colcon.colcon_core.environment:checking '/home/ubuntu/ros_ws/src/assignment1_rt2/navigation_components/install/navigation_components/bin'
[19.337s] Level 1:colcon.colcon_core.environment:checking '/home/ubuntu/ros_ws/src/assignment1_rt2/navigation_components/install/navigation_components/lib/pkgconfig/navigation_components.pc'
[19.338s] Level 1:colcon.colcon_core.environment:checking '/home/ubuntu/ros_ws/src/assignment1_rt2/navigation_components/install/navigation_components/lib/python3.12/site-packages'
[19.338s] Level 1:colcon.colcon_core.shell:create_environment_hook('navigation_components', 'pythonpath')
[19.338s] INFO:colcon.colcon_core.shell:Creating environment hook '/home/ubuntu/ros_ws/src/assignment1_rt2/navigation_components/install/navigation_components/share/navigation_components/hook/pythonpath.ps1'
[19.338s] INFO:colcon.colcon_core.shell:Creating environment descriptor '/home/ubuntu/ros_ws/src/assignment1_rt2/navigation_components/install/navigation_components/share/navigation_components/hook/pythonpath.dsv'
[19.339s] INFO:colcon.colcon_core.shell:Creating environment hook '/home/ubuntu/ros_ws/src/assignment1_rt2/navigation_components/install/navigation_components/share/navigation_components/hook/pythonpath.sh'
[19.340s] Level 1:colcon.colcon_core.environment:checking '/home/ubuntu/ros_ws/src/assignment1_rt2/navigation_components/install/navigation_components/bin'
[19.340s] INFO:colcon.colcon_core.shell:Creating package script '/home/ubuntu/ros_ws/src/assignment1_rt2/navigation_components/install/navigation_components/share/navigation_components/package.ps1'
[19.341s] INFO:colcon.colcon_core.shell:Creating package descriptor '/home/ubuntu/ros_ws/src/assignment1_rt2/navigation_components/install/navigation_components/share/navigation_components/package.dsv'
[19.341s] INFO:colcon.colcon_core.shell:Creating package script '/home/ubuntu/ros_ws/src/assignment1_rt2/navigation_components/install/navigation_components/share/navigation_components/package.sh'
[19.342s] INFO:colcon.colcon_core.shell:Creating package script '/home/ubuntu/ros_ws/src/assignment1_rt2/navigation_components/install/navigation_components/share/navigation_components/package.bash'
[19.342s] INFO:colcon.colcon_core.shell:Creating package script '/home/ubuntu/ros_ws/src/assignment1_rt2/navigation_components/install/navigation_components/share/navigation_components/package.zsh'
[19.343s] Level 1:colcon.colcon_core.environment:create_file_with_runtime_dependencies(/home/ubuntu/ros_ws/src/assignment1_rt2/navigation_components/install/navigation_components/share/colcon-core/packages/navigation_components)
[19.344s] DEBUG:colcon.colcon_parallel_executor.executor.parallel:closing loop
[19.344s] DEBUG:colcon.colcon_parallel_executor.executor.parallel:loop closed
[19.344s] DEBUG:colcon.colcon_parallel_executor.executor.parallel:run_until_complete finished with '0'
[19.344s] DEBUG:colcon.colcon_core.event_reactor:joining thread
[19.352s] INFO:colcon.colcon_core.plugin_system:Skipping extension 'colcon_notification.desktop_notification.notify_send': Could not find 'notify-send'
[19.352s] INFO:colcon.colcon_core.plugin_system:Skipping extension 'colcon_notification.desktop_notification.terminal_notifier': Not used on non-Darwin systems
[19.352s] INFO:colcon.colcon_core.plugin_system:Skipping extension 'colcon_notification.desktop_notification.win32': Not used on non-Windows systems
[19.353s] INFO:colcon.colcon_notification.desktop_notification:Sending desktop notification using 'notify2'
[19.356s] DEBUG:colcon.colcon_notification.desktop_notification.notify2:Failed to initialize notify2: org.freedesktop.DBus.Error.Spawn.ExecFailed: /usr/bin/dbus-launch terminated abnormally without any error message
[19.356s] DEBUG:colcon.colcon_core.event_reactor:joined thread
[19.357s] INFO:colcon.colcon_core.shell:Creating prefix script '/home/ubuntu/ros_ws/src/assignment1_rt2/navigation_components/install/local_setup.ps1'
[19.358s] INFO:colcon.colcon_core.shell:Creating prefix util module '/home/ubuntu/ros_ws/src/assignment1_rt2/navigation_components/install/_local_setup_util_ps1.py'
[19.359s] INFO:colcon.colcon_core.shell:Creating prefix chain script '/home/ubuntu/ros_ws/src/assignment1_rt2/navigation_components/install/setup.ps1'
[19.362s] INFO:colcon.colcon_core.shell:Creating prefix script '/home/ubuntu/ros_ws/src/assignment1_rt2/navigation_components/install/local_setup.sh'
[19.363s] INFO:colcon.colcon_core.shell:Creating prefix util module '/home/ubuntu/ros_ws/src/assignment1_rt2/navigation_components/install/_local_setup_util_sh.py'
[19.364s] INFO:colcon.colcon_core.shell:Creating prefix chain script '/home/ubuntu/ros_ws/src/assignment1_rt2/navigation_components/install/setup.sh'
[19.367s] INFO:colcon.colcon_core.shell:Creating prefix script '/home/ubuntu/ros_ws/src/assignment1_rt2/navigation_components/install/local_setup.bash'
[19.368s] INFO:colcon.colcon_core.shell:Creating prefix chain script '/home/ubuntu/ros_ws/src/assignment1_rt2/navigation_components/install/setup.bash'
[19.370s] INFO:colcon.colcon_core.shell:Creating prefix script '/home/ubuntu/ros_ws/src/assignment1_rt2/navigation_components/install/local_setup.zsh'
[19.370s] INFO:colcon.colcon_core.shell:Creating prefix chain script '/home/ubuntu/ros_ws/src/assignment1_rt2/navigation_components/install/setup.zsh'
