[0.021s] Invoking command in '/home/ubuntu/ros_ws/src/assignment1_rt2/navigation_components/build/navigation_components': CMAKE_PREFIX_PATH=${CMAKE_PREFIX_PATH}:/opt/ros/jazzy DEBUGINFOD_URLS=https://debuginfod.ubuntu.com /usr/bin/cmake /home/ubuntu/ros_ws/src/assignment1_rt2/navigation_components -DCMAKE_INSTALL_PREFIX=/home/ubuntu/ros_ws/src/assignment1_rt2/navigation_components/install/navigation_components
[0.237s] -- The C compiler identification is GNU 13.3.0
[0.375s] -- The CXX compiler identification is GNU 13.3.0
[0.422s] -- Detecting C compiler ABI info
[0.586s] -- Detecting C compiler ABI info - done
[0.599s] -- Check for working C compiler: /usr/bin/cc - skipped
[0.600s] -- Detecting C compile features
[0.602s] -- Detecting C compile features - done
[0.618s] -- Detecting CXX compiler ABI info
[0.792s] -- Detecting CXX compiler ABI info - done
[0.802s] -- Check for working CXX compiler: /usr/bin/c++ - skipped
[0.803s] -- Detecting CXX compile features
[0.804s] -- Detecting CXX compile features - done
[0.840s] -- Found ament_cmake: 2.5.4 (/opt/ros/jazzy/share/ament_cmake/cmake)
[1.067s] -- Found Python3: /usr/bin/python3 (found version "3.12.3") found components: Interpreter 
[1.295s] -- Found rclcpp: 28.1.11 (/opt/ros/jazzy/share/rclcpp/cmake)
[1.418s] -- Found rosidl_generator_c: 4.6.6 (/opt/ros/jazzy/share/rosidl_generator_c/cmake)
[1.459s] -- Found rosidl_generator_cpp: 4.6.6 (/opt/ros/jazzy/share/rosidl_generator_cpp/cmake)
[1.506s] -- Using all available rosidl_typesupport_c: rosidl_typesupport_fastrtps_c;rosidl_typesupport_introspection_c
[1.550s] -- Using all available rosidl_typesupport_cpp: rosidl_typesupport_fastrtps_cpp;rosidl_typesupport_introspection_cpp
[1.751s] -- Found rmw_implementation_cmake: 7.3.2 (/opt/ros/jazzy/share/rmw_implementation_cmake/cmake)
[1.761s] -- Found rmw_fastrtps_cpp: 8.4.3 (/opt/ros/jazzy/share/rmw_fastrtps_cpp/cmake)
[2.037s] -- Found OpenSSL: /usr/lib/x86_64-linux-gnu/libcrypto.so (found version "3.0.13")  
[2.072s] -- Found FastRTPS: /opt/ros/jazzy/include (Required is at least version "2.13") 
[2.105s] -- Using RMW implementation 'rmw_fastrtps_cpp' as default
[2.329s] -- Found rclcpp_components: 28.1.11 (/opt/ros/jazzy/share/rclcpp_components/cmake)
[2.451s] -- Found rclcpp_action: 28.1.11 (/opt/ros/jazzy/share/rclcpp_action/cmake)
[2.593s] -- Found geometry_msgs: 5.3.6 (/opt/ros/jazzy/share/geometry_msgs/cmake)
[2.675s] -- Found tf2: 0.36.14 (/opt/ros/jazzy/share/tf2/cmake)
[2.687s] -- Found tf2_ros: 0.36.19 (/opt/ros/jazzy/share/tf2_ros/cmake)
[2.764s] -- Found rosidl_default_generators: 1.6.0 (/opt/ros/jazzy/share/rosidl_default_generators/cmake)
[2.817s] -- Found rosidl_adapter: 4.6.6 (/opt/ros/jazzy/share/rosidl_adapter/cmake)
[3.482s] -- Found ament_cmake_ros: 0.12.0 (/opt/ros/jazzy/share/ament_cmake_ros/cmake)
[4.325s] -- Using all available rosidl_typesupport_c: rosidl_typesupport_fastrtps_c;rosidl_typesupport_introspection_c
[4.646s] -- Using all available rosidl_typesupport_cpp: rosidl_typesupport_fastrtps_cpp;rosidl_typesupport_introspection_cpp
[4.655s] -- Found python_cmake_module: 0.11.1 (/opt/ros/jazzy/share/python_cmake_module/cmake)
[4.810s] -- Found PythonExtra: /usr/bin/python3  
[5.298s] -- Found Python3: /usr/bin/python3 (found version "3.12.3") found components: Interpreter Development NumPy Development.Module Development.Embed 
[5.360s] -- Found ament_lint_auto: 0.17.3 (/opt/ros/jazzy/share/ament_lint_auto/cmake)
[5.447s] -- Added test 'cppcheck' to perform static code analysis on C / C++ code
[5.448s] -- Configured cppcheck include dirs: $<BUILD_INTERFACE:/home/ubuntu/ros_ws/src/assignment1_rt2/navigation_components/build/navigation_components/rosidl_generator_c>;$<BUILD_INTERFACE:/home/ubuntu/ros_ws/src/assignment1_rt2/navigation_components/build/navigation_components/rosidl_typesupport_fastrtps_c>;$<BUILD_INTERFACE:/home/ubuntu/ros_ws/src/assignment1_rt2/navigation_components/build/navigation_components/rosidl_generator_cpp>;$<BUILD_INTERFACE:/home/ubuntu/ros_ws/src/assignment1_rt2/navigation_components/build/navigation_components/rosidl_typesupport_fastrtps_cpp>;$<BUILD_INTERFACE:/home/ubuntu/ros_ws/src/assignment1_rt2/navigation_components/build/navigation_components/rosidl_typesupport_introspection_c>;$<BUILD_INTERFACE:/home/ubuntu/ros_ws/src/assignment1_rt2/navigation_components/build/navigation_components/rosidl_typesupport_introspection_cpp>;/home/ubuntu/ros_ws/src/assignment1_rt2/navigation_components/build/navigation_components/rosidl_generator_c;/home/ubuntu/ros_ws/src/assignment1_rt2/navigation_components/build/navigation_components/rosidl_generator_py;/home/ubuntu/ros_ws/src/assignment1_rt2/navigation_components/include
[5.448s] -- Configured cppcheck exclude dirs and/or files: 
[5.452s] -- Added test 'flake8' to check Python code syntax and style conventions
[5.453s] -- Configured 'flake8' exclude dirs and/or files: 
[5.458s] -- Added test 'lint_cmake' to check CMake code style
[5.462s] -- Added test 'pep257' to check Python code against some of the docstring style conventions in PEP 257
[5.481s] -- Added test 'uncrustify' to check C / C++ code style
[5.482s] -- Configured uncrustify additional arguments: 
[5.486s] -- Added test 'xmllint' to check XML markup files
[5.493s] -- Configuring done (5.5s)
[5.641s] -- Generating done (0.1s)
[5.668s] -- Build files have been written to: /home/ubuntu/ros_ws/src/assignment1_rt2/navigation_components/build/navigation_components
[5.682s] Invoked command in '/home/ubuntu/ros_ws/src/assignment1_rt2/navigation_components/build/navigation_components' returned '0': CMAKE_PREFIX_PATH=${CMAKE_PREFIX_PATH}:/opt/ros/jazzy DEBUGINFOD_URLS=https://debuginfod.ubuntu.com /usr/bin/cmake /home/ubuntu/ros_ws/src/assignment1_rt2/navigation_components -DCMAKE_INSTALL_PREFIX=/home/ubuntu/ros_ws/src/assignment1_rt2/navigation_components/install/navigation_components
[5.684s] Invoking command in '/home/ubuntu/ros_ws/src/assignment1_rt2/navigation_components/build/navigation_components': CMAKE_PREFIX_PATH=${CMAKE_PREFIX_PATH}:/opt/ros/jazzy DEBUGINFOD_URLS=https://debuginfod.ubuntu.com /usr/bin/cmake --build /home/ubuntu/ros_ws/src/assignment1_rt2/navigation_components/build/navigation_components -- -j12 -l12
[5.769s] [  2%] [34m[1mGenerating type hashes for ROS interfaces[0m
[5.773s] [  4%] [32mBuilding CXX object CMakeFiles/nav_client_node.dir/rclcpp_components/node_main_nav_client_node.cpp.o[0m
[5.773s] [  7%] [32mBuilding CXX object CMakeFiles/nav_server_node.dir/rclcpp_components/node_main_nav_server_node.cpp.o[0m
[5.790s] [  7%] Built target ament_cmake_python_copy_navigation_components
[6.015s] [  7%] Built target navigation_components__rosidl_generator_type_description
[6.036s] [  9%] [34m[1mGenerating C code for ROS interfaces[0m
[6.054s] [ 11%] [34m[1mGenerating C++ code for ROS interfaces[0m
[6.115s] running egg_info
[6.117s] creating navigation_components.egg-info
[6.156s] writing navigation_components.egg-info/PKG-INFO
[6.156s] writing dependency_links to navigation_components.egg-info/dependency_links.txt
[6.157s] writing top-level names to navigation_components.egg-info/top_level.txt
[6.157s] writing manifest file 'navigation_components.egg-info/SOURCES.txt'
[6.263s] reading manifest file 'navigation_components.egg-info/SOURCES.txt'
[6.264s] writing manifest file 'navigation_components.egg-info/SOURCES.txt'
[6.317s] [ 11%] Built target ament_cmake_python_build_navigation_components_egg
[6.695s] [ 14%] [32mBuilding C object CMakeFiles/navigation_components__rosidl_generator_c.dir/rosidl_generator_c/navigation_components/action/detail/navigate__type_support.c.o[0m
[6.695s] [ 16%] [32mBuilding C object CMakeFiles/navigation_components__rosidl_generator_c.dir/rosidl_generator_c/navigation_components/action/detail/navigate__functions.c.o[0m
[6.695s] [ 19%] [32mBuilding C object CMakeFiles/navigation_components__rosidl_generator_c.dir/rosidl_generator_c/navigation_components/action/detail/navigate__description.c.o[0m
[6.713s] [ 19%] Built target navigation_components__cpp
[6.927s] [ 21%] [32m[1mLinking C shared library libnavigation_components__rosidl_generator_c.so[0m
[6.990s] [ 21%] Built target navigation_components__rosidl_generator_c
[7.011s] [ 26%] [34m[1mGenerating C introspection for ROS interfaces[0m
[7.012s] [ 26%] [34m[1mGenerating C++ type support for eProsima Fast-RTPS[0m
[7.013s] [ 28%] [34m[1mGenerating C++ type support dispatch for ROS interfaces[0m
[7.014s] [ 30%] [34m[1mGenerating C type support for eProsima Fast-RTPS[0m
[7.016s] [ 33%] [34m[1mGenerating C++ introspection for ROS interfaces[0m
[7.017s] [ 35%] [34m[1mGenerating C type support dispatch for ROS interfaces[0m
[7.591s] [ 38%] [32mBuilding CXX object CMakeFiles/navigation_components__rosidl_typesupport_c.dir/rosidl_typesupport_c/navigation_components/action/navigate__type_support.cpp.o[0m
[7.624s] [ 40%] [32mBuilding CXX object CMakeFiles/navigation_components__rosidl_typesupport_cpp.dir/rosidl_typesupport_cpp/navigation_components/action/navigate__type_support.cpp.o[0m
[7.787s] [ 42%] [32mBuilding CXX object CMakeFiles/navigation_components__rosidl_typesupport_introspection_cpp.dir/rosidl_typesupport_introspection_cpp/navigation_components/action/detail/navigate__type_support.cpp.o[0m
[7.789s] [ 45%] [32m[1mLinking CXX shared library libnavigation_components__rosidl_typesupport_c.so[0m
[7.812s] [ 47%] [32mBuilding C object CMakeFiles/navigation_components__rosidl_typesupport_introspection_c.dir/rosidl_typesupport_introspection_c/navigation_components/action/detail/navigate__type_support.c.o[0m
[7.901s] [ 47%] Built target navigation_components__rosidl_typesupport_c
[7.978s] [ 50%] [32m[1mLinking C shared library libnavigation_components__rosidl_typesupport_introspection_c.so[0m
[8.064s] [ 50%] Built target navigation_components__rosidl_typesupport_introspection_c
[8.068s] [ 52%] [32mBuilding CXX object CMakeFiles/navigation_components__rosidl_typesupport_fastrtps_cpp.dir/rosidl_typesupport_fastrtps_cpp/navigation_components/action/detail/dds_fastrtps/navigate__type_support.cpp.o[0m
[8.136s] [ 54%] [32mBuilding CXX object CMakeFiles/navigation_components__rosidl_typesupport_fastrtps_c.dir/rosidl_typesupport_fastrtps_c/navigation_components/action/detail/navigate__type_support_c.cpp.o[0m
[9.311s] [ 57%] [32m[1mLinking CXX shared library libnavigation_components__rosidl_typesupport_cpp.so[0m
[9.560s] [ 57%] Built target navigation_components__rosidl_typesupport_cpp
[9.622s] [ 59%] [32mBuilding CXX object CMakeFiles/nav_client_component.dir/src/nav_client_component.cpp.o[0m
[9.624s] [ 61%] [32mBuilding CXX object CMakeFiles/nav_server_component.dir/src/nav_server_component.cpp.o[0m
[9.657s] [ 64%] [32m[1mLinking CXX shared library libnavigation_components__rosidl_typesupport_introspection_cpp.so[0m
[9.726s] [ 66%] [32m[1mLinking CXX shared library libnavigation_components__rosidl_typesupport_fastrtps_c.so[0m
[9.878s] [ 66%] Built target navigation_components__rosidl_typesupport_introspection_cpp
[9.885s] [ 66%] Built target navigation_components__rosidl_typesupport_fastrtps_c
[10.631s] [ 69%] [32m[1mLinking CXX shared library libnavigation_components__rosidl_typesupport_fastrtps_cpp.so[0m
[10.853s] [ 69%] Built target navigation_components__rosidl_typesupport_fastrtps_cpp
[10.912s] [ 69%] Built target navigation_components
[10.979s] [ 71%] [34m[1mGenerating Python code for ROS interfaces[0m
[12.235s] [ 71%] Built target navigation_components__py
[12.276s] [ 73%] [32mBuilding C object CMakeFiles/navigation_components__rosidl_generator_py.dir/rosidl_generator_py/navigation_components/action/_navigate_s.c.o[0m
[12.671s] [ 76%] [32m[1mLinking C shared library libnavigation_components__rosidl_generator_py.so[0m
[12.687s] [ 78%] [32m[1mLinking CXX executable nav_server_node[0m
[12.716s] [ 80%] [32m[1mLinking CXX executable nav_client_node[0m
[12.768s] [ 80%] Built target navigation_components__rosidl_generator_py
[12.819s] [ 83%] [32mBuilding C object CMakeFiles/navigation_components_s__rosidl_typesupport_c.dir/rosidl_generator_py/navigation_components/_navigation_components_s.ep.rosidl_typesupport_c.c.o[0m
[12.820s] [ 85%] [32mBuilding C object CMakeFiles/navigation_components_s__rosidl_typesupport_fastrtps_c.dir/rosidl_generator_py/navigation_components/_navigation_components_s.ep.rosidl_typesupport_fastrtps_c.c.o[0m
[12.823s] [ 88%] [32mBuilding C object CMakeFiles/navigation_components_s__rosidl_typesupport_introspection_c.dir/rosidl_generator_py/navigation_components/_navigation_components_s.ep.rosidl_typesupport_introspection_c.c.o[0m
[12.996s] [ 88%] Built target nav_server_node
[13.034s] [ 88%] Built target nav_client_node
[13.156s] [ 90%] [32m[1mLinking C shared module rosidl_generator_py/navigation_components/navigation_components_s__rosidl_typesupport_c.so[0m
[13.157s] [ 92%] [32m[1mLinking C shared module rosidl_generator_py/navigation_components/navigation_components_s__rosidl_typesupport_introspection_c.so[0m
[13.164s] [ 95%] [32m[1mLinking C shared module rosidl_generator_py/navigation_components/navigation_components_s__rosidl_typesupport_fastrtps_c.so[0m
[13.232s] [ 95%] Built target navigation_components_s__rosidl_typesupport_introspection_c
[13.238s] [ 95%] Built target navigation_components_s__rosidl_typesupport_c
[13.244s] [ 95%] Built target navigation_components_s__rosidl_typesupport_fastrtps_c
[16.991s] [ 97%] [32m[1mLinking CXX shared library libnav_server_component.so[0m
[17.884s] [ 97%] Built target nav_server_component
[18.238s] [100%] [32m[1mLinking CXX shared library libnav_client_component.so[0m
[18.789s] [100%] Built target nav_client_component
[18.831s] Invoked command in '/home/ubuntu/ros_ws/src/assignment1_rt2/navigation_components/build/navigation_components' returned '0': CMAKE_PREFIX_PATH=${CMAKE_PREFIX_PATH}:/opt/ros/jazzy DEBUGINFOD_URLS=https://debuginfod.ubuntu.com /usr/bin/cmake --build /home/ubuntu/ros_ws/src/assignment1_rt2/navigation_components/build/navigation_components -- -j12 -l12
[18.846s] Invoking command in '/home/ubuntu/ros_ws/src/assignment1_rt2/navigation_components/build/navigation_components': CMAKE_PREFIX_PATH=${CMAKE_PREFIX_PATH}:/opt/ros/jazzy DEBUGINFOD_URLS=https://debuginfod.ubuntu.com /usr/bin/cmake --install /home/ubuntu/ros_ws/src/assignment1_rt2/navigation_components/build/navigation_components
[18.859s] -- Install configuration: ""
[18.861s] -- Installing: /home/ubuntu/ros_ws/src/assignment1_rt2/navigation_components/install/navigation_components/share/ament_index/resource_index/rosidl_interfaces/navigation_components
[18.862s] -- Installing: /home/ubuntu/ros_ws/src/assignment1_rt2/navigation_components/install/navigation_components/share/navigation_components/action/Navigate.json
[18.862s] -- Installing: /home/ubuntu/ros_ws/src/assignment1_rt2/navigation_components/install/navigation_components/include/navigation_components/navigation_components
[18.863s] -- Installing: /home/ubuntu/ros_ws/src/assignment1_rt2/navigation_components/install/navigation_components/include/navigation_components/navigation_components/msg
[18.864s] -- Installing: /home/ubuntu/ros_ws/src/assignment1_rt2/navigation_components/install/navigation_components/include/navigation_components/navigation_components/msg/rosidl_generator_c__visibility_control.h
[18.864s] -- Installing: /home/ubuntu/ros_ws/src/assignment1_rt2/navigation_components/install/navigation_components/include/navigation_components/navigation_components/action
[18.864s] -- Installing: /home/ubuntu/ros_ws/src/assignment1_rt2/navigation_components/install/navigation_components/include/navigation_components/navigation_components/action/navigate.h
[18.865s] -- Installing: /home/ubuntu/ros_ws/src/assignment1_rt2/navigation_components/install/navigation_components/include/navigation_components/navigation_components/action/detail
[18.865s] -- Installing: /home/ubuntu/ros_ws/src/assignment1_rt2/navigation_components/install/navigation_components/include/navigation_components/navigation_components/action/detail/navigate__type_support.c
[18.865s] -- Installing: /home/ubuntu/ros_ws/src/assignment1_rt2/navigation_components/install/navigation_components/include/navigation_components/navigation_components/action/detail/navigate__functions.c
[18.866s] -- Installing: /home/ubuntu/ros_ws/src/assignment1_rt2/navigation_components/install/navigation_components/include/navigation_components/navigation_components/action/detail/navigate__struct.h
[18.866s] -- Installing: /home/ubuntu/ros_ws/src/assignment1_rt2/navigation_components/install/navigation_components/include/navigation_components/navigation_components/action/detail/navigate__functions.h
[18.867s] -- Installing: /home/ubuntu/ros_ws/src/assignment1_rt2/navigation_components/install/navigation_components/include/navigation_components/navigation_components/action/detail/navigate__description.c
[18.867s] -- Installing: /home/ubuntu/ros_ws/src/assignment1_rt2/navigation_components/install/navigation_components/include/navigation_components/navigation_components/action/detail/navigate__type_support.h
[18.868s] -- Installing: /home/ubuntu/ros_ws/src/assignment1_rt2/navigation_components/install/navigation_components/share/navigation_components/environment/library_path.sh
[18.869s] -- Installing: /home/ubuntu/ros_ws/src/assignment1_rt2/navigation_components/install/navigation_components/share/navigation_components/environment/library_path.dsv
[18.869s] -- Installing: /home/ubuntu/ros_ws/src/assignment1_rt2/navigation_components/install/navigation_components/lib/libnavigation_components__rosidl_generator_c.so
[18.870s] -- Set non-toolchain portion of runtime path of "/home/ubuntu/ros_ws/src/assignment1_rt2/navigation_components/install/navigation_components/lib/libnavigation_components__rosidl_generator_c.so" to ""
[18.871s] -- Up-to-date: /home/ubuntu/ros_ws/src/assignment1_rt2/navigation_components/install/navigation_components/include/navigation_components/navigation_components
[18.871s] -- Up-to-date: /home/ubuntu/ros_ws/src/assignment1_rt2/navigation_components/install/navigation_components/include/navigation_components/navigation_components/msg
[18.871s] -- Installing: /home/ubuntu/ros_ws/src/assignment1_rt2/navigation_components/install/navigation_components/include/navigation_components/navigation_components/msg/rosidl_typesupport_fastrtps_c__visibility_control.h
[18.871s] -- Up-to-date: /home/ubuntu/ros_ws/src/assignment1_rt2/navigation_components/install/navigation_components/include/navigation_components/navigation_components/action
[18.871s] -- Up-to-date: /home/ubuntu/ros_ws/src/assignment1_rt2/navigation_components/install/navigation_components/include/navigation_components/navigation_components/action/detail
[18.872s] -- Installing: /home/ubuntu/ros_ws/src/assignment1_rt2/navigation_components/install/navigation_components/include/navigation_components/navigation_components/action/detail/navigate__rosidl_typesupport_fastrtps_c.h
[18.872s] -- Installing: /home/ubuntu/ros_ws/src/assignment1_rt2/navigation_components/install/navigation_components/lib/libnavigation_components__rosidl_typesupport_fastrtps_c.so
[18.873s] -- Set non-toolchain portion of runtime path of "/home/ubuntu/ros_ws/src/assignment1_rt2/navigation_components/install/navigation_components/lib/libnavigation_components__rosidl_typesupport_fastrtps_c.so" to ""
[18.873s] -- Up-to-date: /home/ubuntu/ros_ws/src/assignment1_rt2/navigation_components/install/navigation_components/include/navigation_components/navigation_components
[18.873s] -- Up-to-date: /home/ubuntu/ros_ws/src/assignment1_rt2/navigation_components/install/navigation_components/include/navigation_components/navigation_components/msg
[18.873s] -- Installing: /home/ubuntu/ros_ws/src/assignment1_rt2/navigation_components/install/navigation_components/include/navigation_components/navigation_components/msg/rosidl_generator_cpp__visibility_control.hpp
[18.873s] -- Up-to-date: /home/ubuntu/ros_ws/src/assignment1_rt2/navigation_components/install/navigation_components/include/navigation_components/navigation_components/action
[18.873s] -- Installing: /home/ubuntu/ros_ws/src/assignment1_rt2/navigation_components/install/navigation_components/include/navigation_components/navigation_components/action/navigate.hpp
[18.874s] -- Up-to-date: /home/ubuntu/ros_ws/src/assignment1_rt2/navigation_components/install/navigation_components/include/navigation_components/navigation_components/action/detail
[18.874s] -- Installing: /home/ubuntu/ros_ws/src/assignment1_rt2/navigation_components/install/navigation_components/include/navigation_components/navigation_components/action/detail/navigate__type_support.hpp
[18.874s] -- Installing: /home/ubuntu/ros_ws/src/assignment1_rt2/navigation_components/install/navigation_components/include/navigation_components/navigation_components/action/detail/navigate__traits.hpp
[18.875s] -- Installing: /home/ubuntu/ros_ws/src/assignment1_rt2/navigation_components/install/navigation_components/include/navigation_components/navigation_components/action/detail/navigate__builder.hpp
[18.875s] -- Installing: /home/ubuntu/ros_ws/src/assignment1_rt2/navigation_components/install/navigation_components/include/navigation_components/navigation_components/action/detail/navigate__struct.hpp
[18.876s] -- Up-to-date: /home/ubuntu/ros_ws/src/assignment1_rt2/navigation_components/install/navigation_components/include/navigation_components/navigation_components
[18.876s] -- Up-to-date: /home/ubuntu/ros_ws/src/assignment1_rt2/navigation_components/install/navigation_components/include/navigation_components/navigation_components/msg
[18.876s] -- Installing: /home/ubuntu/ros_ws/src/assignment1_rt2/navigation_components/install/navigation_components/include/navigation_components/navigation_components/msg/rosidl_typesupport_fastrtps_cpp__visibility_control.h
[18.876s] -- Up-to-date: /home/ubuntu/ros_ws/src/assignment1_rt2/navigation_components/install/navigation_components/include/navigation_components/navigation_components/action
[18.876s] -- Up-to-date: /home/ubuntu/ros_ws/src/assignment1_rt2/navigation_components/install/navigation_components/include/navigation_components/navigation_components/action/detail
[18.876s] -- Installing: /home/ubuntu/ros_ws/src/assignment1_rt2/navigation_components/install/navigation_components/include/navigation_components/navigation_components/action/detail/navigate__rosidl_typesupport_fastrtps_cpp.hpp
[18.876s] -- Installing: /home/ubuntu/ros_ws/src/assignment1_rt2/navigation_components/install/navigation_components/include/navigation_components/navigation_components/action/detail/dds_fastrtps
[18.877s] -- Installing: /home/ubuntu/ros_ws/src/assignment1_rt2/navigation_components/install/navigation_components/lib/libnavigation_components__rosidl_typesupport_fastrtps_cpp.so
[18.878s] -- Set non-toolchain portion of runtime path of "/home/ubuntu/ros_ws/src/assignment1_rt2/navigation_components/install/navigation_components/lib/libnavigation_components__rosidl_typesupport_fastrtps_cpp.so" to ""
[18.878s] -- Up-to-date: /home/ubuntu/ros_ws/src/assignment1_rt2/navigation_components/install/navigation_components/include/navigation_components/navigation_components
[18.879s] -- Up-to-date: /home/ubuntu/ros_ws/src/assignment1_rt2/navigation_components/install/navigation_components/include/navigation_components/navigation_components/msg
[18.879s] -- Installing: /home/ubuntu/ros_ws/src/assignment1_rt2/navigation_components/install/navigation_components/include/navigation_components/navigation_components/msg/rosidl_typesupport_introspection_c__visibility_control.h
[18.879s] -- Up-to-date: /home/ubuntu/ros_ws/src/assignment1_rt2/navigation_components/install/navigation_components/include/navigation_components/navigation_components/action
[18.879s] -- Up-to-date: /home/ubuntu/ros_ws/src/assignment1_rt2/navigation_components/install/navigation_components/include/navigation_components/navigation_components/action/detail
[18.879s] -- Installing: /home/ubuntu/ros_ws/src/assignment1_rt2/navigation_components/install/navigation_components/include/navigation_components/navigation_components/action/detail/navigate__type_support.c
[18.879s] -- Installing: /home/ubuntu/ros_ws/src/assignment1_rt2/navigation_components/install/navigation_components/include/navigation_components/navigation_components/action/detail/navigate__rosidl_typesupport_introspection_c.h
[18.880s] -- Installing: /home/ubuntu/ros_ws/src/assignment1_rt2/navigation_components/install/navigation_components/lib/libnavigation_components__rosidl_typesupport_introspection_c.so
[18.881s] -- Set non-toolchain portion of runtime path of "/home/ubuntu/ros_ws/src/assignment1_rt2/navigation_components/install/navigation_components/lib/libnavigation_components__rosidl_typesupport_introspection_c.so" to ""
[18.881s] -- Installing: /home/ubuntu/ros_ws/src/assignment1_rt2/navigation_components/install/navigation_components/lib/libnavigation_components__rosidl_typesupport_c.so
[18.881s] -- Set non-toolchain portion of runtime path of "/home/ubuntu/ros_ws/src/assignment1_rt2/navigation_components/install/navigation_components/lib/libnavigation_components__rosidl_typesupport_c.so" to ""
[18.882s] -- Up-to-date: /home/ubuntu/ros_ws/src/assignment1_rt2/navigation_components/install/navigation_components/include/navigation_components/navigation_components
[18.882s] -- Up-to-date: /home/ubuntu/ros_ws/src/assignment1_rt2/navigation_components/install/navigation_components/include/navigation_components/navigation_components/action
[18.882s] -- Up-to-date: /home/ubuntu/ros_ws/src/assignment1_rt2/navigation_components/install/navigation_components/include/navigation_components/navigation_components/action/detail
[18.882s] -- Installing: /home/ubuntu/ros_ws/src/assignment1_rt2/navigation_components/install/navigation_components/include/navigation_components/navigation_components/action/detail/navigate__rosidl_typesupport_introspection_cpp.hpp
[18.882s] -- Installing: /home/ubuntu/ros_ws/src/assignment1_rt2/navigation_components/install/navigation_components/include/navigation_components/navigation_components/action/detail/navigate__type_support.cpp
[18.883s] -- Installing: /home/ubuntu/ros_ws/src/assignment1_rt2/navigation_components/install/navigation_components/lib/libnavigation_components__rosidl_typesupport_introspection_cpp.so
[18.884s] -- Set non-toolchain portion of runtime path of "/home/ubuntu/ros_ws/src/assignment1_rt2/navigation_components/install/navigation_components/lib/libnavigation_components__rosidl_typesupport_introspection_cpp.so" to ""
[18.884s] -- Installing: /home/ubuntu/ros_ws/src/assignment1_rt2/navigation_components/install/navigation_components/lib/libnavigation_components__rosidl_typesupport_cpp.so
[18.885s] -- Set non-toolchain portion of runtime path of "/home/ubuntu/ros_ws/src/assignment1_rt2/navigation_components/install/navigation_components/lib/libnavigation_components__rosidl_typesupport_cpp.so" to ""
[18.885s] -- Installing: /home/ubuntu/ros_ws/src/assignment1_rt2/navigation_components/install/navigation_components/share/navigation_components/environment/pythonpath.sh
[18.885s] -- Installing: /home/ubuntu/ros_ws/src/assignment1_rt2/navigation_components/install/navigation_components/share/navigation_components/environment/pythonpath.dsv
[18.885s] -- Installing: /home/ubuntu/ros_ws/src/assignment1_rt2/navigation_components/install/navigation_components/lib/python3.12/site-packages/navigation_components-0.0.0-py3.12.egg-info
[18.886s] -- Installing: /home/ubuntu/ros_ws/src/assignment1_rt2/navigation_components/install/navigation_components/lib/python3.12/site-packages/navigation_components-0.0.0-py3.12.egg-info/SOURCES.txt
[18.887s] -- Installing: /home/ubuntu/ros_ws/src/assignment1_rt2/navigation_components/install/navigation_components/lib/python3.12/site-packages/navigation_components-0.0.0-py3.12.egg-info/top_level.txt
[18.887s] -- Installing: /home/ubuntu/ros_ws/src/assignment1_rt2/navigation_components/install/navigation_components/lib/python3.12/site-packages/navigation_components-0.0.0-py3.12.egg-info/PKG-INFO
[18.888s] -- Installing: /home/ubuntu/ros_ws/src/assignment1_rt2/navigation_components/install/navigation_components/lib/python3.12/site-packages/navigation_components-0.0.0-py3.12.egg-info/dependency_links.txt
[18.888s] -- Installing: /home/ubuntu/ros_ws/src/assignment1_rt2/navigation_components/install/navigation_components/lib/python3.12/site-packages/navigation_components
[18.889s] -- Installing: /home/ubuntu/ros_ws/src/assignment1_rt2/navigation_components/install/navigation_components/lib/python3.12/site-packages/navigation_components/navigation_components_s__rosidl_typesupport_c.so
[18.889s] -- Installing: /home/ubuntu/ros_ws/src/assignment1_rt2/navigation_components/install/navigation_components/lib/python3.12/site-packages/navigation_components/navigation_components_s__rosidl_typesupport_introspection_c.so
[18.890s] -- Installing: /home/ubuntu/ros_ws/src/assignment1_rt2/navigation_components/install/navigation_components/lib/python3.12/site-packages/navigation_components/_navigation_components_s.ep.rosidl_typesupport_fastrtps_c.c
[18.891s] -- Installing: /home/ubuntu/ros_ws/src/assignment1_rt2/navigation_components/install/navigation_components/lib/python3.12/site-packages/navigation_components/navigation_components_s__rosidl_typesupport_fastrtps_c.so
[18.893s] -- Installing: /home/ubuntu/ros_ws/src/assignment1_rt2/navigation_components/install/navigation_components/lib/python3.12/site-packages/navigation_components/_navigation_components_s.ep.rosidl_typesupport_introspection_c.c
[18.894s] -- Installing: /home/ubuntu/ros_ws/src/assignment1_rt2/navigation_components/install/navigation_components/lib/python3.12/site-packages/navigation_components/action
[18.895s] -- Installing: /home/ubuntu/ros_ws/src/assignment1_rt2/navigation_components/install/navigation_components/lib/python3.12/site-packages/navigation_components/action/_navigate.py
[18.895s] -- Installing: /home/ubuntu/ros_ws/src/assignment1_rt2/navigation_components/install/navigation_components/lib/python3.12/site-packages/navigation_components/action/_navigate_s.c
[18.895s] -- Installing: /home/ubuntu/ros_ws/src/assignment1_rt2/navigation_components/install/navigation_components/lib/python3.12/site-packages/navigation_components/action/__init__.py
[18.896s] -- Installing: /home/ubuntu/ros_ws/src/assignment1_rt2/navigation_components/install/navigation_components/lib/python3.12/site-packages/navigation_components/__init__.py
[18.896s] -- Installing: /home/ubuntu/ros_ws/src/assignment1_rt2/navigation_components/install/navigation_components/lib/python3.12/site-packages/navigation_components/_navigation_components_s.ep.rosidl_typesupport_c.c
[18.951s] Listing '/home/ubuntu/ros_ws/src/assignment1_rt2/navigation_components/install/navigation_components/lib/python3.12/site-packages/navigation_components'...
[18.952s] Compiling '/home/ubuntu/ros_ws/src/assignment1_rt2/navigation_components/install/navigation_components/lib/python3.12/site-packages/navigation_components/__init__.py'...
[18.952s] Listing '/home/ubuntu/ros_ws/src/assignment1_rt2/navigation_components/install/navigation_components/lib/python3.12/site-packages/navigation_components/action'...
[18.952s] Compiling '/home/ubuntu/ros_ws/src/assignment1_rt2/navigation_components/install/navigation_components/lib/python3.12/site-packages/navigation_components/action/__init__.py'...
[18.952s] Compiling '/home/ubuntu/ros_ws/src/assignment1_rt2/navigation_components/install/navigation_components/lib/python3.12/site-packages/navigation_components/action/_navigate.py'...
[18.958s] -- Installing: /home/ubuntu/ros_ws/src/assignment1_rt2/navigation_components/install/navigation_components/lib/python3.12/site-packages/navigation_components/navigation_components_s__rosidl_typesupport_fastrtps_c.so
[18.959s] -- Set non-toolchain portion of runtime path of "/home/ubuntu/ros_ws/src/assignment1_rt2/navigation_components/install/navigation_components/lib/python3.12/site-packages/navigation_components/navigation_components_s__rosidl_typesupport_fastrtps_c.so" to ""
[18.959s] -- Installing: /home/ubuntu/ros_ws/src/assignment1_rt2/navigation_components/install/navigation_components/lib/python3.12/site-packages/navigation_components/navigation_components_s__rosidl_typesupport_introspection_c.so
[18.960s] -- Set non-toolchain portion of runtime path of "/home/ubuntu/ros_ws/src/assignment1_rt2/navigation_components/install/navigation_components/lib/python3.12/site-packages/navigation_components/navigation_components_s__rosidl_typesupport_introspection_c.so" to ""
[18.961s] -- Installing: /home/ubuntu/ros_ws/src/assignment1_rt2/navigation_components/install/navigation_components/lib/python3.12/site-packages/navigation_components/navigation_components_s__rosidl_typesupport_c.so
[18.961s] -- Set non-toolchain portion of runtime path of "/home/ubuntu/ros_ws/src/assignment1_rt2/navigation_components/install/navigation_components/lib/python3.12/site-packages/navigation_components/navigation_components_s__rosidl_typesupport_c.so" to ""
[18.962s] -- Installing: /home/ubuntu/ros_ws/src/assignment1_rt2/navigation_components/install/navigation_components/lib/libnavigation_components__rosidl_generator_py.so
[18.962s] -- Set non-toolchain portion of runtime path of "/home/ubuntu/ros_ws/src/assignment1_rt2/navigation_components/install/navigation_components/lib/libnavigation_components__rosidl_generator_py.so" to ""
[18.962s] -- Installing: /home/ubuntu/ros_ws/src/assignment1_rt2/navigation_components/install/navigation_components/share/navigation_components/action/Navigate.idl
[18.963s] -- Installing: /home/ubuntu/ros_ws/src/assignment1_rt2/navigation_components/install/navigation_components/share/navigation_components/action/Navigate.action
[18.963s] -- Installing: /home/ubuntu/ros_ws/src/assignment1_rt2/navigation_components/install/navigation_components/lib/navigation_components/nav_server_node
[18.964s] -- Set non-toolchain portion of runtime path of "/home/ubuntu/ros_ws/src/assignment1_rt2/navigation_components/install/navigation_components/lib/navigation_components/nav_server_node" to ""
[18.965s] -- Installing: /home/ubuntu/ros_ws/src/assignment1_rt2/navigation_components/install/navigation_components/lib/navigation_components/nav_client_node
[18.966s] -- Set non-toolchain portion of runtime path of "/home/ubuntu/ros_ws/src/assignment1_rt2/navigation_components/install/navigation_components/lib/navigation_components/nav_client_node" to ""
[18.966s] -- Installing: /home/ubuntu/ros_ws/src/assignment1_rt2/navigation_components/install/navigation_components/lib/libnav_server_component.so
[18.966s] -- Set non-toolchain portion of runtime path of "/home/ubuntu/ros_ws/src/assignment1_rt2/navigation_components/install/navigation_components/lib/libnav_server_component.so" to ""
[18.967s] -- Installing: /home/ubuntu/ros_ws/src/assignment1_rt2/navigation_components/install/navigation_components/lib/libnav_client_component.so
[18.967s] -- Set non-toolchain portion of runtime path of "/home/ubuntu/ros_ws/src/assignment1_rt2/navigation_components/install/navigation_components/lib/libnav_client_component.so" to ""
[18.967s] -- Installing: /home/ubuntu/ros_ws/src/assignment1_rt2/navigation_components/install/navigation_components/lib/navigation_components/ui_node.py
[18.987s] -- Installing: /home/ubuntu/ros_ws/src/assignment1_rt2/navigation_components/install/navigation_components/share/navigation_components/launch
[18.988s] -- Installing: /home/ubuntu/ros_ws/src/assignment1_rt2/navigation_components/install/navigation_components/share/navigation_components/launch/nav_comp.launch.py
[18.989s] -- Installing: /home/ubuntu/ros_ws/src/assignment1_rt2/navigation_components/install/navigation_components/share/ament_index/resource_index/package_run_dependencies/navigation_components
[18.990s] -- Installing: /home/ubuntu/ros_ws/src/assignment1_rt2/navigation_components/install/navigation_components/share/ament_index/resource_index/parent_prefix_path/navigation_components
[18.991s] -- Installing: /home/ubuntu/ros_ws/src/assignment1_rt2/navigation_components/install/navigation_components/share/navigation_components/environment/ament_prefix_path.sh
[18.991s] -- Installing: /home/ubuntu/ros_ws/src/assignment1_rt2/navigation_components/install/navigation_components/share/navigation_components/environment/ament_prefix_path.dsv
[18.991s] -- Installing: /home/ubuntu/ros_ws/src/assignment1_rt2/navigation_components/install/navigation_components/share/navigation_components/environment/path.sh
[18.992s] -- Installing: /home/ubuntu/ros_ws/src/assignment1_rt2/navigation_components/install/navigation_components/share/navigation_components/environment/path.dsv
[18.992s] -- Installing: /home/ubuntu/ros_ws/src/assignment1_rt2/navigation_components/install/navigation_components/share/navigation_components/local_setup.bash
[18.992s] -- Installing: /home/ubuntu/ros_ws/src/assignment1_rt2/navigation_components/install/navigation_components/share/navigation_components/local_setup.sh
[18.993s] -- Installing: /home/ubuntu/ros_ws/src/assignment1_rt2/navigation_components/install/navigation_components/share/navigation_components/local_setup.zsh
[18.993s] -- Installing: /home/ubuntu/ros_ws/src/assignment1_rt2/navigation_components/install/navigation_components/share/navigation_components/local_setup.dsv
[18.994s] -- Installing: /home/ubuntu/ros_ws/src/assignment1_rt2/navigation_components/install/navigation_components/share/navigation_components/package.dsv
[18.995s] -- Installing: /home/ubuntu/ros_ws/src/assignment1_rt2/navigation_components/install/navigation_components/share/ament_index/resource_index/packages/navigation_components
[18.996s] -- Installing: /home/ubuntu/ros_ws/src/assignment1_rt2/navigation_components/install/navigation_components/share/navigation_components/cmake/export_navigation_components__rosidl_generator_cExport.cmake
[18.996s] -- Installing: /home/ubuntu/ros_ws/src/assignment1_rt2/navigation_components/install/navigation_components/share/navigation_components/cmake/export_navigation_components__rosidl_generator_cExport-noconfig.cmake
[18.997s] -- Installing: /home/ubuntu/ros_ws/src/assignment1_rt2/navigation_components/install/navigation_components/share/navigation_components/cmake/export_navigation_components__rosidl_typesupport_fastrtps_cExport.cmake
[18.997s] -- Installing: /home/ubuntu/ros_ws/src/assignment1_rt2/navigation_components/install/navigation_components/share/navigation_components/cmake/export_navigation_components__rosidl_typesupport_fastrtps_cExport-noconfig.cmake
[18.998s] -- Installing: /home/ubuntu/ros_ws/src/assignment1_rt2/navigation_components/install/navigation_components/share/navigation_components/cmake/export_navigation_components__rosidl_generator_cppExport.cmake
[18.998s] -- Installing: /home/ubuntu/ros_ws/src/assignment1_rt2/navigation_components/install/navigation_components/share/navigation_components/cmake/export_navigation_components__rosidl_typesupport_fastrtps_cppExport.cmake
[18.998s] -- Installing: /home/ubuntu/ros_ws/src/assignment1_rt2/navigation_components/install/navigation_components/share/navigation_components/cmake/export_navigation_components__rosidl_typesupport_fastrtps_cppExport-noconfig.cmake
[18.999s] -- Installing: /home/ubuntu/ros_ws/src/assignment1_rt2/navigation_components/install/navigation_components/share/navigation_components/cmake/navigation_components__rosidl_typesupport_introspection_cExport.cmake
[18.999s] -- Installing: /home/ubuntu/ros_ws/src/assignment1_rt2/navigation_components/install/navigation_components/share/navigation_components/cmake/navigation_components__rosidl_typesupport_introspection_cExport-noconfig.cmake
[19.000s] -- Installing: /home/ubuntu/ros_ws/src/assignment1_rt2/navigation_components/install/navigation_components/share/navigation_components/cmake/navigation_components__rosidl_typesupport_cExport.cmake
[19.000s] -- Installing: /home/ubuntu/ros_ws/src/assignment1_rt2/navigation_components/install/navigation_components/share/navigation_components/cmake/navigation_components__rosidl_typesupport_cExport-noconfig.cmake
[19.001s] -- Installing: /home/ubuntu/ros_ws/src/assignment1_rt2/navigation_components/install/navigation_components/share/navigation_components/cmake/navigation_components__rosidl_typesupport_introspection_cppExport.cmake
[19.001s] -- Installing: /home/ubuntu/ros_ws/src/assignment1_rt2/navigation_components/install/navigation_components/share/navigation_components/cmake/navigation_components__rosidl_typesupport_introspection_cppExport-noconfig.cmake
[19.002s] -- Installing: /home/ubuntu/ros_ws/src/assignment1_rt2/navigation_components/install/navigation_components/share/navigation_components/cmake/navigation_components__rosidl_typesupport_cppExport.cmake
[19.002s] -- Installing: /home/ubuntu/ros_ws/src/assignment1_rt2/navigation_components/install/navigation_components/share/navigation_components/cmake/navigation_components__rosidl_typesupport_cppExport-noconfig.cmake
[19.002s] -- Installing: /home/ubuntu/ros_ws/src/assignment1_rt2/navigation_components/install/navigation_components/share/navigation_components/cmake/export_navigation_components__rosidl_generator_pyExport.cmake
[19.002s] -- Installing: /home/ubuntu/ros_ws/src/assignment1_rt2/navigation_components/install/navigation_components/share/navigation_components/cmake/export_navigation_components__rosidl_generator_pyExport-noconfig.cmake
[19.003s] -- Installing: /home/ubuntu/ros_ws/src/assignment1_rt2/navigation_components/install/navigation_components/share/ament_index/resource_index/rclcpp_components/navigation_components
[19.004s] -- Installing: /home/ubuntu/ros_ws/src/assignment1_rt2/navigation_components/install/navigation_components/share/navigation_components/cmake/rosidl_cmake-extras.cmake
[19.004s] -- Installing: /home/ubuntu/ros_ws/src/assignment1_rt2/navigation_components/install/navigation_components/share/navigation_components/cmake/ament_cmake_export_dependencies-extras.cmake
[19.004s] -- Installing: /home/ubuntu/ros_ws/src/assignment1_rt2/navigation_components/install/navigation_components/share/navigation_components/cmake/ament_cmake_export_include_directories-extras.cmake
[19.005s] -- Installing: /home/ubuntu/ros_ws/src/assignment1_rt2/navigation_components/install/navigation_components/share/navigation_components/cmake/ament_cmake_export_libraries-extras.cmake
[19.005s] -- Installing: /home/ubuntu/ros_ws/src/assignment1_rt2/navigation_components/install/navigation_components/share/navigation_components/cmake/ament_cmake_export_targets-extras.cmake
[19.005s] -- Installing: /home/ubuntu/ros_ws/src/assignment1_rt2/navigation_components/install/navigation_components/share/navigation_components/cmake/rosidl_cmake_export_typesupport_targets-extras.cmake
[19.006s] -- Installing: /home/ubuntu/ros_ws/src/assignment1_rt2/navigation_components/install/navigation_components/share/navigation_components/cmake/rosidl_cmake_export_typesupport_libraries-extras.cmake
[19.006s] -- Installing: /home/ubuntu/ros_ws/src/assignment1_rt2/navigation_components/install/navigation_components/share/navigation_components/cmake/navigation_componentsConfig.cmake
[19.006s] -- Installing: /home/ubuntu/ros_ws/src/assignment1_rt2/navigation_components/install/navigation_components/share/navigation_components/cmake/navigation_componentsConfig-version.cmake
[19.007s] -- Installing: /home/ubuntu/ros_ws/src/assignment1_rt2/navigation_components/install/navigation_components/share/navigation_components/package.xml
[19.010s] Invoked command in '/home/ubuntu/ros_ws/src/assignment1_rt2/navigation_components/build/navigation_components' returned '0': CMAKE_PREFIX_PATH=${CMAKE_PREFIX_PATH}:/opt/ros/jazzy DEBUGINFOD_URLS=https://debuginfod.ubuntu.com /usr/bin/cmake --install /home/ubuntu/ros_ws/src/assignment1_rt2/navigation_components/build/navigation_components
